<?xml version="1.0" encoding="UTF-8"?>
<!-- Generated by org.testng.reporters.JUnitXMLReporter -->
<testsuite ignored="0" hostname="DESKTOP-HHHPQVM" failures="0" tests="7" name="Parallel Tests" time="47.97" errors="0" timestamp="2022-02-11T11:58:46 PST">
  <testcase classname="maventest.Usingthread" name="Girl" time="0.081"/>
  <testcase classname="maventest.Usingthread" name="Guava" time="31.759"/>
  <testcase classname="maventest.Usingthread" name="Apple" time="32.105"/>
  <testcase classname="maventest.Sample2" name="order" time="0.038"/>
  <testcase classname="maventest.Sample2" name="order" time="0.011"/>
  <testcase classname="maventest.Sample2" name="login" time="33.658"/>
  <testcase classname="maventest.Sample2" name="login" time="15.949"/>
</testsuite> <!-- Parallel Tests -->
