<?xml version="1.0" encoding="UTF-8"?>
<testng-results ignored="0" total="1" passed="1" failed="0" skipped="0">
  <reporter-output>
  </reporter-output>
  <suite started-at="2022-02-21T11:24:34 PST" name="Default suite" finished-at="2022-02-21T11:25:02 PST" duration-ms="27844">
    <groups>
    </groups>
    <test started-at="2022-02-21T11:24:34 PST" name="Default test" finished-at="2022-02-21T11:25:02 PST" duration-ms="27844">
      <class name="praticetestpackage.SampleTest">
        <test-method is-config="true" signature="chromeOpen()[pri:0, instance:praticetestpackage.SampleTest@6892b3b6]" started-at="2022-02-21T11:24:34 PST" name="chromeOpen" finished-at="2022-02-21T11:24:48 PST" duration-ms="13521" status="PASS">
          <reporter-output>
          </reporter-output>
        </test-method> <!-- chromeOpen -->
        <test-method signature="createObject()[pri:0, instance:praticetestpackage.SampleTest@6892b3b6]" started-at="2022-02-21T11:24:48 PST" name="createObject" finished-at="2022-02-21T11:24:59 PST" duration-ms="10835" status="PASS">
          <reporter-output>
          </reporter-output>
        </test-method> <!-- createObject -->
        <test-method is-config="true" signature="getResult(org.testng.ITestResult)[pri:0, instance:praticetestpackage.SampleTest@6892b3b6]" started-at="2022-02-21T11:24:59 PST" name="getResult" finished-at="2022-02-21T11:24:59 PST" duration-ms="479" status="PASS">
          <params>
            <param index="0">
              <value>
                <![CDATA[[TestResult name=createObject status=SUCCESS method=SampleTest.createObject()[pri:0, instance:praticetestpackage.SampleTest@6892b3b6] output={null}]]]>
              </value>
            </param>
          </params>
          <reporter-output>
          </reporter-output>
        </test-method> <!-- getResult -->
        <test-method is-config="true" signature="chromeClose()[pri:0, instance:praticetestpackage.SampleTest@6892b3b6]" started-at="2022-02-21T11:24:59 PST" name="chromeClose" finished-at="2022-02-21T11:25:02 PST" duration-ms="2858" status="PASS">
          <reporter-output>
          </reporter-output>
        </test-method> <!-- chromeClose -->
      </class> <!-- praticetestpackage.SampleTest -->
    </test> <!-- Default test -->
  </suite> <!-- Default suite -->
</testng-results>
