<?xml version="1.0" encoding="UTF-8"?>
<testng-results ignored="0" total="1" passed="1" failed="0" skipped="0">
  <reporter-output>
  </reporter-output>
  <suite started-at="2022-02-26T12:45:29 PST" name="Default suite" finished-at="2022-02-26T12:46:25 PST" duration-ms="56164">
    <groups>
    </groups>
    <test started-at="2022-02-26T12:45:29 PST" name="Default test" finished-at="2022-02-26T12:46:25 PST" duration-ms="56164">
      <class name="praticetestpackage.SampleTest">
        <test-method is-config="true" signature="chromeOpen()[pri:0, instance:praticetestpackage.SampleTest@6e6f2380]" started-at="2022-02-26T12:45:29 PST" name="chromeOpen" finished-at="2022-02-26T12:45:36 PST" duration-ms="7618" status="PASS">
          <reporter-output>
          </reporter-output>
        </test-method> <!-- chromeOpen -->
        <test-method signature="createObject()[pri:0, instance:praticetestpackage.SampleTest@6e6f2380]" started-at="2022-02-26T12:45:36 PST" name="createObject" finished-at="2022-02-26T12:46:19 PST" duration-ms="42931" status="PASS">
          <reporter-output>
          </reporter-output>
        </test-method> <!-- createObject -->
        <test-method is-config="true" signature="getResult(org.testng.ITestResult)[pri:0, instance:praticetestpackage.SampleTest@6e6f2380]" started-at="2022-02-26T12:46:19 PST" name="getResult" finished-at="2022-02-26T12:46:20 PST" duration-ms="282" status="PASS">
          <params>
            <param index="0">
              <value>
                <![CDATA[[TestResult name=createObject status=SUCCESS method=SampleTest.createObject()[pri:0, instance:praticetestpackage.SampleTest@6e6f2380] output={null}]]]>
              </value>
            </param>
          </params>
          <reporter-output>
          </reporter-output>
        </test-method> <!-- getResult -->
        <test-method is-config="true" signature="chromeClose()[pri:0, instance:praticetestpackage.SampleTest@6e6f2380]" started-at="2022-02-26T12:46:20 PST" name="chromeClose" finished-at="2022-02-26T12:46:25 PST" duration-ms="5241" status="PASS">
          <reporter-output>
          </reporter-output>
        </test-method> <!-- chromeClose -->
      </class> <!-- praticetestpackage.SampleTest -->
    </test> <!-- Default test -->
  </suite> <!-- Default suite -->
</testng-results>
